<?xml version="1.0" encoding="UTF-8"?>
<!-- Generated by org.testng.reporters.JUnitXMLReporter -->
<testsuite ignored="0" hostname="Wewoli" failures="0" tests="6" name="Default test" time="7.516" errors="0" timestamp="2024-10-14T01:19:13 GMT">
  <testcase classname="api.test.VideoGamesTest" name="testPostCreateVideoGame" time="4.704"/>
  <testcase classname="api.test.VideoGamesTest" name="testGetVideoGames" time="0.557"/>
  <testcase classname="api.test.VideoGamesTest" name="testDeleteVideoGameById" time="0.577"/>
  <testcase classname="api.test.VideoGamesTest" name="testGetVideoGameById" time="0.467"/>
  <testcase classname="api.test.VideoGamesTest" name="testGetVideoGameByInvalidId" time="0.457"/>
  <testcase classname="api.test.VideoGamesTest" name="testUpdateVideoGame" time="0.529"/>
</testsuite> <!-- Default test -->
