<?xml version="1.0" encoding="UTF-8"?>
<!-- Generated by org.testng.reporters.JUnitXMLReporter -->
<testsuite ignored="0" hostname="Wewoli" failures="0" tests="3" name="Default test" time="6.029" errors="0" timestamp="2024-10-13T11:01:35 GMT">
  <testcase classname="api.test.VideoGamesTest" name="testPostCreateVideoGame" time="4.765"/>
  <testcase classname="api.test.VideoGamesTest" name="testGetVideoGames" time="0.55"/>
  <testcase classname="api.test.VideoGamesTest" name="testGetVideoGameById" time="0.553"/>
</testsuite> <!-- Default test -->
