<?xml version="1.0" encoding="UTF-8"?>
<testng-results ignored="0" total="8" passed="8" failed="0" skipped="0">
  <reporter-output>
  </reporter-output>
  <suite started-at="2024-10-13T22:01:51 GMT" name="Default suite" finished-at="2024-10-13T22:02:00 GMT" duration-ms="8222">
    <groups>
    </groups>
    <test started-at="2024-10-13T22:01:51 GMT" name="Default test" finished-at="2024-10-13T22:02:00 GMT" duration-ms="8222">
      <class name="api.test.VideoGamesTestV2">
        <test-method is-config="true" signature="setupData()[pri:0, instance:api.test.VideoGamesTestV2@6c40365c]" started-at="2024-10-13T22:01:52 GMT" name="setupData" finished-at="2024-10-13T22:01:52 GMT" duration-ms="18" status="PASS">
          <reporter-output>
          </reporter-output>
        </test-method> <!-- setupData -->
        <test-method signature="testPostCreateVideoGameV2()[pri:1, instance:api.test.VideoGamesTestV2@6c40365c]" started-at="2024-10-13T22:01:52 GMT" name="testPostCreateVideoGameV2" finished-at="2024-10-13T22:01:56 GMT" duration-ms="4092" status="PASS">
          <reporter-output>
          </reporter-output>
        </test-method> <!-- testPostCreateVideoGameV2 -->
        <test-method signature="testGetVideoGamesV2()[pri:2, instance:api.test.VideoGamesTestV2@6c40365c]" started-at="2024-10-13T22:01:56 GMT" name="testGetVideoGamesV2" finished-at="2024-10-13T22:01:56 GMT" duration-ms="563" status="PASS">
          <reporter-output>
          </reporter-output>
        </test-method> <!-- testGetVideoGamesV2 -->
        <test-method signature="testDeleteVideoGameById()[pri:3, instance:api.test.VideoGamesTestV2@6c40365c]" started-at="2024-10-13T22:01:56 GMT" name="testDeleteVideoGameById" finished-at="2024-10-13T22:01:57 GMT" duration-ms="593" status="PASS">
          <reporter-output>
          </reporter-output>
        </test-method> <!-- testDeleteVideoGameById -->
        <test-method signature="testDeleteVideoGameByvalidInId()[pri:3, instance:api.test.VideoGamesTestV2@6c40365c]" started-at="2024-10-13T22:01:57 GMT" name="testDeleteVideoGameByvalidInId" finished-at="2024-10-13T22:01:57 GMT" duration-ms="535" status="PASS">
          <reporter-output>
          </reporter-output>
        </test-method> <!-- testDeleteVideoGameByvalidInId -->
        <test-method signature="testGetVideoGameByIdV2()[pri:3, instance:api.test.VideoGamesTestV2@6c40365c]" started-at="2024-10-13T22:01:57 GMT" name="testGetVideoGameByIdV2" finished-at="2024-10-13T22:01:58 GMT" duration-ms="573" status="PASS">
          <reporter-output>
          </reporter-output>
        </test-method> <!-- testGetVideoGameByIdV2 -->
        <test-method signature="testGetVideoGameByInvalidIdV2()[pri:3, instance:api.test.VideoGamesTestV2@6c40365c]" started-at="2024-10-13T22:01:58 GMT" name="testGetVideoGameByInvalidIdV2" finished-at="2024-10-13T22:01:58 GMT" duration-ms="529" status="PASS">
          <reporter-output>
          </reporter-output>
        </test-method> <!-- testGetVideoGameByInvalidIdV2 -->
        <test-method signature="testUpdateVideoGameById()[pri:3, instance:api.test.VideoGamesTestV2@6c40365c]" started-at="2024-10-13T22:01:58 GMT" name="testUpdateVideoGameById" finished-at="2024-10-13T22:01:59 GMT" duration-ms="712" status="PASS">
          <reporter-output>
          </reporter-output>
        </test-method> <!-- testUpdateVideoGameById -->
        <test-method signature="testUpdateVideoGameByInvalId()[pri:3, instance:api.test.VideoGamesTestV2@6c40365c]" started-at="2024-10-13T22:01:59 GMT" name="testUpdateVideoGameByInvalId" finished-at="2024-10-13T22:02:00 GMT" duration-ms="491" status="PASS">
          <reporter-output>
          </reporter-output>
        </test-method> <!-- testUpdateVideoGameByInvalId -->
      </class> <!-- api.test.VideoGamesTestV2 -->
    </test> <!-- Default test -->
  </suite> <!-- Default suite -->
</testng-results>
