<?xml version="1.0" encoding="UTF-8"?>
<testng-results ignored="0" total="1" passed="1" failed="0" skipped="0">
  <reporter-output>
  </reporter-output>
  <suite started-at="2024-10-13T01:25:44 GMT" name="Default suite" finished-at="2024-10-13T01:25:50 GMT" duration-ms="6415">
    <groups>
    </groups>
    <test started-at="2024-10-13T01:25:44 GMT" name="Default test" finished-at="2024-10-13T01:25:50 GMT" duration-ms="6415">
      <class name="api.test.VideoGamesTest">
        <test-method signature="testGetVideoGames()[pri:1, instance:api.test.VideoGamesTest@28a0fd6c]" started-at="2024-10-13T01:25:44 GMT" name="testGetVideoGames" finished-at="2024-10-13T01:25:50 GMT" duration-ms="6262" status="PASS">
          <reporter-output>
          </reporter-output>
        </test-method> <!-- testGetVideoGames -->
      </class> <!-- api.test.VideoGamesTest -->
    </test> <!-- Default test -->
  </suite> <!-- Default suite -->
</testng-results>
